#
# A fatal error has been detected by the Java Runtime Environment:
#
#  SIGSEGV (0xb) at pc=0x00007fcaa0f49401, pid=31107, tid=31142
#
# JRE version: OpenJDK Runtime Environment (11.0.6+10) (build 11.0.6+10-post-Ubuntu-1ubuntu118.04.1)
# Java VM: OpenJDK 64-Bit Server VM (11.0.6+10-post-Ubuntu-1ubuntu118.04.1, mixed mode, sharing, tiered, compressed oops, g1 gc, linux-amd64)
# Problematic frame:
# C  [libjimage.so+0x2401]
#
# Core dump will be written. Default location: Core dumps may be processed with "/usr/share/apport/apport %p %s %c %d %P" (or dumping to /home/kundan/myProjet/SpringWorksapce/SpringBootCURDRestAPI/core.31107)
#
# If you would like to submit a bug report, please visit:
#   https://bugs.launchpad.net/ubuntu/+source/openjdk-lts
#

---------------  S U M M A R Y ------------

Command Line: -agentlib:jdwp=transport=dt_socket,suspend=y,address=localhost:41537 -Dcom.sun.management.jmxremote -Dcom.sun.management.jmxremote.port=38837 -Dcom.sun.management.jmxremote.authenticate=false -Dcom.sun.management.jmxremote.ssl=false -Djava.rmi.server.hostname=localhost -Dspring.jmx.enabled=true -Dspring.liveBeansView.mbeanDomain -Dspring.application.admin.enabled=true -Djava.security.egd=file:/dev/./urandom -Xverify:none -XX:TieredStopAtLevel=1 -Dspring.boot.project.name=SpringBootCURDRestAPI -Dfile.encoding=UTF-8 com.kundan.demo.SpringBootCurdRestApiApplication --spring.output.ansi.enabled=always

Host: Intel(R) Core(TM) i5-8265U CPU @ 1.60GHz, 8 cores, 15G, Ubuntu 18.04.4 LTS
Time: Fri Feb 21 13:49:36 2020 IST elapsed time: 30466 seconds (0d 8h 27m 46s)

---------------  T H R E A D  ---------------

Current thread (0x00007fca9c5ea000):  JavaThread "RMI TCP Accept-38837" daemon [_thread_in_vm, id=31142, stack(0x00007fca561ed000,0x00007fca562ee000)]

Stack: [0x00007fca561ed000,0x00007fca562ee000],  sp=0x00007fca562eb170,  free space=1016k
Native frames: (J=compiled Java code, A=aot compiled Java code, j=interpreted, Vv=VM code, C=native code)
C  [libjimage.so+0x2401]
C  [libjimage.so+0x30ea]
C  [libjimage.so+0x35c6]  JIMAGE_FindResource+0xd6
V  [libjvm.so+0x59098e]